    1  exit
    2  exit
    3  ls -a
    4  ls -l
    5  ls /
    6  ls /usr
    7  ls /var
    8  pwd
    9  cd ~
   10  ls
   11  cd /
   12  cd /root
   13  pwd
   14  ls
   15  cd usr
   16  cd /usr
   17  ls
   18  cd bin
   19  ls
   20  cd ../../
   21  ls
   22  cd /home
   23  ls
   24  cd test1
   25  ls
   26  cd ..
   27  rm -r test1 test1_copy test2
   28  ls
   29  cd test1
   30  ls
   31  cd ..
   32  rm -r test1
   33  ls
   34  cd -r test1_copy test2
   35  cd -r test1_copy
   36  rm -r test1_copy test2
   37  ls
   38  rm README.md
   39  ls
   40  mkdir test1
   41  ls
   42  mkdir test2/test3
   43  mkdir -p test2/test3
   44  ls
   45  ls /test2
   46  ls test2
   47  touch test1/index.php
   48  ls test1
   49  cd /home/test1 && ls
   50  cd ../
   51  cd /home/test2 && ls
   52  cd ..
   53  cd /home/test1
   54  cp index.php copy.php
   55  ls
   56  cd ..
   57  cp -r test1 test4
   58  ls
   59  ls /test4
   60  cd test4
   61  ls
   62  cd ..
   63  mv test2/test3 test3
   64  ls
   65  mv test4 test1_copy
   66  ls
   67  ls test1
   68  ls test1/copy.php
   69  ls test1
   70  rm test1/copy.php
   71  ls
   72  ls test1
   73  rm -r test3
   74  ls
   75  rm -r test3
   76  ls
   77  rm test1_copy/*.php
   78  ls
   79   ls test1_copy
   80  ls
   81  cat README.md
   82  touch README.md
   83  '# Hello World' > README.md
   84  echo '# Hello World' > README.md
   85  cat README.md
   86  echo '# Server Lesson' > README.md
   87  cat README.md
   88  echo 'Linux Practice' >> README.md
   89  echo '-----------------' >> README.md
   90  cat README.md
   91  vi README.md
   92  vi README.md
   93  cat README.md
   94  exit
   95  ls
   96  cd ..
   97  ls
   98  cd =
   99  cd ~
  100  ls
  101  cd server_lesson
  102  ls
  103  cd ..
  104  rm -r server_lesson
  105  rm -r server_lesson
  106  cd server_lesson
  107  ls
  108  ls -a
  109  rm -r server_lesson
  110  cd ..
  111  rm -r server_lesson
  112  mkdir server-lesson && server-lesson
  113  mkdir server_lesson_ && server_lesson_
  114  ls
  115  rm -r server_lesson_
  116  ls
  117  cd server-lesson
  118  yum update -y && yum -y install git
  119  git version
  120  git init
  121  ls 
  122  ls -a
  123  mkdir linux_practice1
  124  ls
  125  cd linux_practice1
  126  mkdir public && touch index_bk.php
  127  ls public
  128  cd public
  129  ls
  130  touch index_bk.php
  131  ls
  132  rm index_bk.php
  133  touch index.php
  134  cp index.php index_bk.php
  135  ls
  136  cd ..
  137  cp public tmp
  138  ls
  139  cp -r public tmp
  140  ls
  141  ls tmp
  142  rm tmp/index_bk.php
  143  ls
  144  ls tmp
  145  cd ..
  146  touch README.md
  147  ls
  148  vi README.md
  149  cat README.md
  150  ls
  151  mkdir linux_practice2
  152  ls
  153  cd linux_practice2
  154  touch gizumo{1..50}
  155  ls
  156  rm -f gizumo*
  157  ls
  158  touch gizumo{01..50}.md
  159  ls
  160  mkdir trash
  161  mv gizumo2*.md gizumo3*.md gizumo40.md trash/.
  162  ls
  163  ls trash
  164  touch .gitignore
  165  ls -a
  166  vi .gitignore
  167  ls trash
  168  vi .gitignore
  169  ls trash
  170  vi .gitignore
  171  ls trash
  172  ls
  173  vi .gitignore
  174  ls
  175  vi .gitignore
  176  vi .gitignore
  177  history300
  178  history 300
  179  touch exec_command.log && echo history 300 > exec_command.log
  180  cat exec_command.log
  181  history 300 > exec_command.log
  182  cat exec_command.log
  183  git status
  184  ls
  185  mkdir documents
  186  mv gizumo0*.md gizumo1*.md gizumo4*.md gizumo50.md documents
  187  ls
  188  ls documents
  189  history 300 > exec_command.log
